<?xml version="1.0" encoding="UTF-8"?>
<testng-results ignored="0" total="4" passed="4" failed="0" skipped="0">
  <reporter-output>
    <line>
      <![CDATA[Sanjivani Gangaparsad Jakkalwar]]>
    </line>
    <line>
      <![CDATA[Suryaansh]]>
    </line>
    <line>
      <![CDATA[Sanjivani]]>
    </line>
    <line>
      <![CDATA[Ravikumar]]>
    </line>
  </reporter-output>
  <suite started-at="2022-11-06T18:07:26 IST" name="Default suite" finished-at="2022-11-06T18:07:26 IST" duration-ms="127">
    <groups>
    </groups>
    <test started-at="2022-11-06T18:07:26 IST" name="Default test" finished-at="2022-11-06T18:07:26 IST" duration-ms="127">
      <class name="BasicOfTestGN.UseReportLog">
        <test-method signature="TC4()[pri:0, instance:BasicOfTestGN.UseReportLog@1fb700ee]" started-at="2022-11-06T18:07:26 IST" name="TC4" finished-at="2022-11-06T18:07:26 IST" duration-ms="23" status="PASS">
          <reporter-output>
            <line>
              <![CDATA[Sanjivani Gangaparsad Jakkalwar]]>
            </line>
          </reporter-output>
        </test-method> <!-- TC4 -->
        <test-method signature="Tc1()[pri:0, instance:BasicOfTestGN.UseReportLog@1fb700ee]" started-at="2022-11-06T18:07:26 IST" name="Tc1" finished-at="2022-11-06T18:07:26 IST" duration-ms="4" status="PASS">
          <reporter-output>
            <line>
              <![CDATA[Suryaansh]]>
            </line>
          </reporter-output>
        </test-method> <!-- Tc1 -->
        <test-method signature="Tc2()[pri:0, instance:BasicOfTestGN.UseReportLog@1fb700ee]" started-at="2022-11-06T18:07:26 IST" name="Tc2" finished-at="2022-11-06T18:07:26 IST" duration-ms="3" status="PASS">
          <reporter-output>
            <line>
              <![CDATA[Sanjivani]]>
            </line>
          </reporter-output>
        </test-method> <!-- Tc2 -->
        <test-method signature="Tc3()[pri:0, instance:BasicOfTestGN.UseReportLog@1fb700ee]" started-at="2022-11-06T18:07:26 IST" name="Tc3" finished-at="2022-11-06T18:07:26 IST" duration-ms="2" status="PASS">
          <reporter-output>
            <line>
              <![CDATA[Ravikumar]]>
            </line>
          </reporter-output>
        </test-method> <!-- Tc3 -->
      </class> <!-- BasicOfTestGN.UseReportLog -->
    </test> <!-- Default test -->
  </suite> <!-- Default suite -->
</testng-results>
