<?xml version="1.0" encoding="UTF-8"?>
<!-- Generated by org.testng.reporters.JUnitXMLReporter -->
<testsuite ignored="0" hostname="dnyanesh" failures="0" tests="4" name="Default test" time="0.127" errors="0" timestamp="2022-11-06T18:07:27 IST">
  <testcase classname="BasicOfTestGN.UseReportLog" name="TC4" time="0.023"/>
  <testcase classname="BasicOfTestGN.UseReportLog" name="Tc1" time="0.004"/>
  <testcase classname="BasicOfTestGN.UseReportLog" name="Tc2" time="0.003"/>
  <testcase classname="BasicOfTestGN.UseReportLog" name="Tc3" time="0.002"/>
</testsuite> <!-- Default test -->
